\BOOKMARK [0][-]{chapter.1}{\376\377\0001\000\040\004\042\004\070\004\102\004\103\004\073\004\114\004\075\004\060\004\117\000\040\004\101\004\102\004\100\004\060\004\075\004\070\004\106\004\060}{}% 1
\BOOKMARK [0][-]{chapter.2}{\376\377\0002\000\040\004\041\004\077\004\070\004\101\004\076\004\072\000\040\004\067\004\060\004\064\004\060\004\107}{}% 2
\BOOKMARK [0][-]{chapter.3}{\376\377\0003\000\040\004\020\004\073\004\104\004\060\004\062\004\070\004\102\004\075\004\113\004\071\000\040\004\103\004\072\004\060\004\067\004\060\004\102\004\065\004\073\004\114\000\040\004\077\004\100\004\076\004\101\004\102\004\100\004\060\004\075\004\101\004\102\004\062\000\040\004\070\004\074\004\065\004\075}{}% 3
\BOOKMARK [1][-]{section.3.1}{\376\377\0003\000.\0001\000\040\004\037\004\100\004\076\004\101\004\102\004\100\004\060\004\075\004\101\004\102\004\062\004\060\000\040\004\070\004\074\004\065\004\075}{chapter.3}% 4
\BOOKMARK [0][-]{chapter.4}{\376\377\0004\000\040\004\030\004\065\004\100\004\060\004\100\004\105\004\070\004\107\004\065\004\101\004\072\004\070\004\071\000\040\004\101\004\077\004\070\004\101\004\076\004\072\000\040\004\072\004\073\004\060\004\101\004\101\004\076\004\062}{}% 5
\BOOKMARK [1][-]{section.4.1}{\376\377\0004\000.\0001\000\040\004\030\004\065\004\100\004\060\004\100\004\105\004\070\004\117\000\040\004\072\004\073\004\060\004\101\004\101\004\076\004\062}{chapter.4}% 6
\BOOKMARK [0][-]{chapter.5}{\376\377\0005\000\040\004\020\004\073\004\104\004\060\004\062\004\070\004\102\004\075\004\113\004\071\000\040\004\103\004\072\004\060\004\067\004\060\004\102\004\065\004\073\004\114\000\040\004\072\004\073\004\060\004\101\004\101\004\076\004\062}{}% 7
\BOOKMARK [1][-]{section.5.1}{\376\377\0005\000.\0001\000\040\004\032\004\073\004\060\004\101\004\101\004\113}{chapter.5}% 8
\BOOKMARK [0][-]{chapter.6}{\376\377\0006\000\040\004\037\004\100\004\076\004\101\004\102\004\100\004\060\004\075\004\101\004\102\004\062\004\060\000\040\004\070\004\074\004\065\004\075}{}% 9
\BOOKMARK [1][-]{section.6.1}{\376\377\0006\000.\0001\000\040\004\037\004\100\004\076\004\101\004\102\004\100\004\060\004\075\004\101\004\102\004\062\004\076\000\040\004\070\004\074\004\065\004\075\000\040\000r\000t\000m}{chapter.6}% 10
\BOOKMARK [2][-]{subsection.6.1.1}{\376\377\0006\000.\0001\000.\0001\000\040\004\037\004\076\004\064\004\100\004\076\004\061\004\075\004\076\004\065\000\040\004\076\004\077\004\070\004\101\004\060\004\075\004\070\004\065}{section.6.1}% 11
\BOOKMARK [2][-]{subsection.6.1.2}{\376\377\0006\000.\0001\000.\0002\000\040\004\042\004\070\004\077\004\113}{section.6.1}% 12
\BOOKMARK [3][-]{subsubsection.6.1.2.1}{\376\377\0006\000.\0001\000.\0002\000.\0001\000\040\000D\000i\000r\000e\000c\000t\000i\000o\000n\000s}{subsection.6.1.2}% 13
\BOOKMARK [3][-]{subsubsection.6.1.2.2}{\376\377\0006\000.\0001\000.\0002\000.\0002\000\040\000L\000i\000n\000e\000s\000C\000o\000u\000n\000t\000s}{subsection.6.1.2}% 14
\BOOKMARK [3][-]{subsubsection.6.1.2.3}{\376\377\0006\000.\0001\000.\0002\000.\0003\000\040\000D\000i\000r\000e\000c\000t\000i\000o\000n\000S\000i\000g\000n\000a\000l\000s}{subsection.6.1.2}% 15
\BOOKMARK [3][-]{subsubsection.6.1.2.4}{\376\377\0006\000.\0001\000.\0002\000.\0004\000\040\000C\000r\000o\000s\000s\000r\000o\000a\000d\000S\000i\000g\000n\000a\000l\000s}{subsection.6.1.2}% 16
\BOOKMARK [3][-]{subsubsection.6.1.2.5}{\376\377\0006\000.\0001\000.\0002\000.\0005\000\040\000S\000i\000g\000n\000a\000l\000S\000p\000r\000i\000t\000e\000s}{subsection.6.1.2}% 17
\BOOKMARK [3][-]{subsubsection.6.1.2.6}{\376\377\0006\000.\0001\000.\0002\000.\0006\000\040\000S\000i\000g\000n\000a\000l\000s\000S\000p\000r\000i\000t\000e\000s}{subsection.6.1.2}% 18
\BOOKMARK [3][-]{subsubsection.6.1.2.7}{\376\377\0006\000.\0001\000.\0002\000.\0007\000\040\000D\000i\000r\000e\000c\000t\000i\000o\000n\000s\000S\000i\000g\000n\000a\000l\000S\000p\000r\000i\000t\000e\000s}{subsection.6.1.2}% 19
\BOOKMARK [2][-]{subsection.6.1.3}{\376\377\0006\000.\0001\000.\0003\000\040\004\037\004\065\004\100\004\065\004\107\004\070\004\101\004\073\004\065\004\075\004\070\004\117}{section.6.1}% 20
\BOOKMARK [3][-]{subsubsection.6.1.3.1}{\376\377\0006\000.\0001\000.\0003\000.\0001\000\040\000A\000n\000g\000l\000e\000T\000y\000p\000e}{subsection.6.1.3}% 21
\BOOKMARK [3][-]{subsubsection.6.1.3.2}{\376\377\0006\000.\0001\000.\0003\000.\0002\000\040\000D\000i\000r\000e\000c\000t\000i\000o\000n\000T\000y\000p\000e}{subsection.6.1.3}% 22
\BOOKMARK [3][-]{subsubsection.6.1.3.3}{\376\377\0006\000.\0001\000.\0003\000.\0003\000\040\000C\000o\000a\000t\000i\000n\000g\000U\000n\000i\000o\000n\000T\000y\000p\000e}{subsection.6.1.3}% 23
\BOOKMARK [3][-]{subsubsection.6.1.3.4}{\376\377\0006\000.\0001\000.\0003\000.\0004\000\040\000D\000i\000r\000e\000c\000t\000i\000o\000n\000S\000i\000g\000n\000a\000l\000I\000n\000d\000e\000x}{subsection.6.1.3}% 24
\BOOKMARK [3][-]{subsubsection.6.1.3.5}{\376\377\0006\000.\0001\000.\0003\000.\0005\000\040\000S\000i\000g\000n\000a\000l\000T\000y\000p\000e}{subsection.6.1.3}% 25
\BOOKMARK [3][-]{subsubsection.6.1.3.6}{\376\377\0006\000.\0001\000.\0003\000.\0006\000\040\000S\000t\000a\000t\000e\000T\000y\000p\000e}{subsection.6.1.3}% 26
\BOOKMARK [3][-]{subsubsection.6.1.3.7}{\376\377\0006\000.\0001\000.\0003\000.\0007\000\040\000C\000o\000a\000t\000i\000n\000g\000T\000y\000p\000e}{subsection.6.1.3}% 27
\BOOKMARK [3][-]{subsubsection.6.1.3.8}{\376\377\0006\000.\0001\000.\0003\000.\0008\000\040\000R\000o\000a\000d\000T\000y\000p\000e}{subsection.6.1.3}% 28
\BOOKMARK [3][-]{subsubsection.6.1.3.9}{\376\377\0006\000.\0001\000.\0003\000.\0009\000\040\000S\000i\000g\000n\000a\000l\000F\000i\000l\000e\000I\000d}{subsection.6.1.3}% 29
\BOOKMARK [2][-]{subsection.6.1.4}{\376\377\0006\000.\0001\000.\0004\000\040\004\044\004\103\004\075\004\072\004\106\004\070\004\070}{section.6.1}% 30
\BOOKMARK [3][-]{subsubsection.6.1.4.1}{\376\377\0006\000.\0001\000.\0004\000.\0001\000\040\000C\000h\000e\000c\000k\000C\000o\000l\000l\000i\000s\000i\000o\000n\000s\000\050\000\051}{subsection.6.1.4}% 31
\BOOKMARK [3][-]{subsubsection.6.1.4.2}{\376\377\0006\000.\0001\000.\0004\000.\0002\000\040\000S\000a\000m\000e\000C\000o\000o\000r\000d\000i\000n\000a\000t\000e\000s\000\050\000\051}{subsection.6.1.4}% 32
\BOOKMARK [3][-]{subsubsection.6.1.4.3}{\376\377\0006\000.\0001\000.\0004\000.\0003\000\040\000R\000o\000u\000n\000d\000C\000o\000o\000r\000d\000i\000n\000a\000t\000e\000\050\000\051}{subsection.6.1.4}% 33
\BOOKMARK [3][-]{subsubsection.6.1.4.4}{\376\377\0006\000.\0001\000.\0004\000.\0004\000\040\000R\000o\000u\000n\000d\000T\000o\000C\000e\000n\000t\000e\000r\000\050\000\051}{subsection.6.1.4}% 34
\BOOKMARK [3][-]{subsubsection.6.1.4.5}{\376\377\0006\000.\0001\000.\0004\000.\0005\000\040\000I\000n\000C\000e\000n\000t\000e\000r\000\050\000\051}{subsection.6.1.4}% 35
\BOOKMARK [3][-]{subsubsection.6.1.4.6}{\376\377\0006\000.\0001\000.\0004\000.\0006\000\040\000D\000i\000s\000t\000a\000n\000c\000e\000T\000o\000N\000e\000x\000t\000C\000e\000n\000t\000e\000r\000\050\000\051}{subsection.6.1.4}% 36
\BOOKMARK [3][-]{subsubsection.6.1.4.7}{\376\377\0006\000.\0001\000.\0004\000.\0007\000\040\000C\000e\000n\000t\000e\000r\000I\000s\000C\000r\000o\000s\000s\000e\000d\000\050\000\051}{subsection.6.1.4}% 37
\BOOKMARK [3][-]{subsubsection.6.1.4.8}{\376\377\0006\000.\0001\000.\0004\000.\0008\000\040\000S\000a\000m\000e\000A\000n\000g\000l\000e\000s\000\050\000\051}{subsection.6.1.4}% 38
\BOOKMARK [3][-]{subsubsection.6.1.4.9}{\376\377\0006\000.\0001\000.\0004\000.\0009\000\040\000R\000o\000u\000n\000d\000A\000n\000g\000l\000e\000\050\000\051}{subsection.6.1.4}% 39
\BOOKMARK [3][-]{subsubsection.6.1.4.10}{\376\377\0006\000.\0001\000.\0004\000.\0001\0000\000\040\000N\000o\000r\000m\000a\000l\000i\000z\000e\000A\000n\000g\000l\000e\000\050\000\051}{subsection.6.1.4}% 40
\BOOKMARK [3][-]{subsubsection.6.1.4.11}{\376\377\0006\000.\0001\000.\0004\000.\0001\0001\000\040\000P\000i\000x\000e\000l\000T\000o\000C\000e\000l\000l\000\050\000\051}{subsection.6.1.4}% 41
\BOOKMARK [3][-]{subsubsection.6.1.4.12}{\376\377\0006\000.\0001\000.\0004\000.\0001\0002\000\040\000C\000e\000l\000l\000T\000o\000P\000i\000x\000e\000l\000\050\000\051}{subsection.6.1.4}% 42
\BOOKMARK [3][-]{subsubsection.6.1.4.13}{\376\377\0006\000.\0001\000.\0004\000.\0001\0003\000\040\000A\000n\000g\000l\000e\000T\000o\000A\000n\000g\000l\000e\000T\000y\000p\000e\000\050\000\051}{subsection.6.1.4}% 43
\BOOKMARK [3][-]{subsubsection.6.1.4.14}{\376\377\0006\000.\0001\000.\0004\000.\0001\0004\000\040\000A\000n\000g\000l\000e\000T\000o\000D\000i\000r\000e\000c\000t\000i\000o\000n\000\050\000\051}{subsection.6.1.4}% 44
\BOOKMARK [3][-]{subsubsection.6.1.4.15}{\376\377\0006\000.\0001\000.\0004\000.\0001\0005\000\040\000A\000n\000g\000l\000e\000T\000y\000p\000e\000T\000o\000A\000n\000g\000l\000e\000\050\000\051}{subsection.6.1.4}% 45
\BOOKMARK [3][-]{subsubsection.6.1.4.16}{\376\377\0006\000.\0001\000.\0004\000.\0001\0006\000\040\000A\000n\000g\000l\000e\000T\000y\000p\000e\000T\000o\000D\000i\000r\000e\000c\000t\000i\000o\000n\000\050\000\051}{subsection.6.1.4}% 46
\BOOKMARK [3][-]{subsubsection.6.1.4.17}{\376\377\0006\000.\0001\000.\0004\000.\0001\0007\000\040\000D\000i\000r\000e\000c\000t\000i\000o\000n\000T\000o\000A\000n\000g\000l\000e\000\050\000\051}{subsection.6.1.4}% 47
\BOOKMARK [3][-]{subsubsection.6.1.4.18}{\376\377\0006\000.\0001\000.\0004\000.\0001\0008\000\040\000D\000i\000r\000e\000c\000t\000i\000o\000n\000T\000o\000A\000n\000g\000l\000e\000T\000y\000p\000e\000\050\000\051}{subsection.6.1.4}% 48
\BOOKMARK [3][-]{subsubsection.6.1.4.19}{\376\377\0006\000.\0001\000.\0004\000.\0001\0009\000\040\000G\000e\000t\000F\000i\000l\000e\000n\000a\000m\000e\000\050\000\051}{subsection.6.1.4}% 49
\BOOKMARK [3][-]{subsubsection.6.1.4.20}{\376\377\0006\000.\0001\000.\0004\000.\0002\0000\000\040\000S\000u\000m\000A\000n\000g\000l\000e\000T\000y\000p\000e\000s\000\050\000\051}{subsection.6.1.4}% 50
\BOOKMARK [3][-]{subsubsection.6.1.4.21}{\376\377\0006\000.\0001\000.\0004\000.\0002\0001\000\040\000C\000o\000u\000n\000t\000D\000e\000c\000e\000l\000e\000r\000a\000t\000i\000o\000n\000\050\000\051}{subsection.6.1.4}% 51
\BOOKMARK [2][-]{subsection.6.1.5}{\376\377\0006\000.\0001\000.\0005\000\040\004\037\004\065\004\100\004\065\004\074\004\065\004\075\004\075\004\113\004\065}{section.6.1}% 52
\BOOKMARK [3][-]{subsubsection.6.1.5.1}{\376\377\0006\000.\0001\000.\0005\000.\0001\000\040\000N\000E\000A\000R\000\137\000D\000E\000L\000T\000A}{subsection.6.1.5}% 53
\BOOKMARK [3][-]{subsubsection.6.1.5.2}{\376\377\0006\000.\0001\000.\0005\000.\0002\000\040\000D\000E\000F\000A\000U\000L\000T\000\137\000C\000R\000O\000S\000S\000R\000O\000A\000D\000\137\000S\000I\000G\000N\000A\000L\000S}{subsection.6.1.5}% 54
\BOOKMARK [3][-]{subsubsection.6.1.5.3}{\376\377\0006\000.\0001\000.\0005\000.\0003\000\040\000D\000E\000F\000A\000U\000L\000T\000\137\000D\000I\000R\000E\000C\000T\000I\000O\000N\000S\000\137\000S\000I\000G\000N\000A\000L\000\137\000S\000P\000R\000I\000T\000E\000S}{subsection.6.1.5}% 55
\BOOKMARK [3][-]{subsubsection.6.1.5.4}{\376\377\0006\000.\0001\000.\0005\000.\0004\000\040\000C\000O\000A\000T\000I\000N\000G\000\137\000I\000N\000D\000E\000X\000E\000S}{subsection.6.1.5}% 56
\BOOKMARK [3][-]{subsubsection.6.1.5.5}{\376\377\0006\000.\0001\000.\0005\000.\0005\000\040\000R\000O\000A\000D\000S\000\137\000R\000E\000S\000I\000S\000T\000A\000N\000C\000E\000S}{subsection.6.1.5}% 57
\BOOKMARK [3][-]{subsubsection.6.1.5.6}{\376\377\0006\000.\0001\000.\0005\000.\0006\000\040\000R\000O\000A\000D\000S\000\137\000D\000I\000R\000E\000C\000T\000I\000O\000N\000S}{subsection.6.1.5}% 58
\BOOKMARK [3][-]{subsubsection.6.1.5.7}{\376\377\0006\000.\0001\000.\0005\000.\0007\000\040\000C\000A\000R\000S\000\137\000M\000A\000X\000\137\000S\000P\000E\000E\000D\000S}{subsection.6.1.5}% 59
\BOOKMARK [3][-]{subsubsection.6.1.5.8}{\376\377\0006\000.\0001\000.\0005\000.\0008\000\040\000C\000A\000R\000S\000\137\000A\000C\000C\000E\000L\000E\000R\000A\000T\000I\000O\000N\000S}{subsection.6.1.5}% 60
\BOOKMARK [0][-]{chapter.7}{\376\377\0007\000\040\004\032\004\073\004\060\004\101\004\101\004\113}{}% 61
\BOOKMARK [1][-]{section.7.1}{\376\377\0007\000.\0001\000\040\004\032\004\073\004\060\004\101\004\101\000\040\000A\000p\000p\000D\000e\000l\000e\000g\000a\000t\000e}{chapter.7}% 62
\BOOKMARK [2][-]{subsection.7.1.1}{\376\377\0007\000.\0001\000.\0001\000\040\004\037\004\076\004\064\004\100\004\076\004\061\004\075\004\076\004\065\000\040\004\076\004\077\004\070\004\101\004\060\004\075\004\070\004\065}{section.7.1}% 63
\BOOKMARK [2][-]{subsection.7.1.2}{\376\377\0007\000.\0001\000.\0002\000\040\004\034\004\065\004\102\004\076\004\064\004\113}{section.7.1}% 64
\BOOKMARK [3][-]{subsubsection.7.1.2.1}{\376\377\0007\000.\0001\000.\0002\000.\0001\000\040\000a\000p\000p\000l\000i\000c\000a\000t\000i\000o\000n\000D\000i\000d\000F\000i\000n\000i\000s\000h\000L\000a\000u\000n\000c\000h\000i\000n\000g\000\050\000\051}{subsection.7.1.2}% 65
\BOOKMARK [1][-]{section.7.2}{\376\377\0007\000.\0002\000\040\004\032\004\073\004\060\004\101\004\101\000\040\000r\000t\000m\000:\000:\000B\000u\000i\000l\000d\000i\000n\000g\000O\000b\000j\000e\000c\000t}{chapter.7}% 66
\BOOKMARK [2][-]{subsection.7.2.1}{\376\377\0007\000.\0002\000.\0001\000\040\004\037\004\076\004\064\004\100\004\076\004\061\004\075\004\076\004\065\000\040\004\076\004\077\004\070\004\101\004\060\004\075\004\070\004\065}{section.7.2}% 67
\BOOKMARK [2][-]{subsection.7.2.2}{\376\377\0007\000.\0002\000.\0002\000\040\004\032\004\076\004\075\004\101\004\102\004\100\004\103\004\072\004\102\004\076\004\100\000\050\004\113\000\051}{section.7.2}% 68
\BOOKMARK [3][-]{subsubsection.7.2.2.1}{\376\377\0007\000.\0002\000.\0002\000.\0001\000\040\000B\000u\000i\000l\000d\000i\000n\000g\000O\000b\000j\000e\000c\000t\000\050\000\051\000\040\000[\0001\000/\0003\000]}{subsection.7.2.2}% 69
\BOOKMARK [3][-]{subsubsection.7.2.2.2}{\376\377\0007\000.\0002\000.\0002\000.\0002\000\040\000B\000u\000i\000l\000d\000i\000n\000g\000O\000b\000j\000e\000c\000t\000\050\000\051\000\040\000[\0002\000/\0003\000]}{subsection.7.2.2}% 70
\BOOKMARK [3][-]{subsubsection.7.2.2.3}{\376\377\0007\000.\0002\000.\0002\000.\0003\000\040\000B\000u\000i\000l\000d\000i\000n\000g\000O\000b\000j\000e\000c\000t\000\050\000\051\000\040\000[\0003\000/\0003\000]}{subsection.7.2.2}% 71
\BOOKMARK [1][-]{section.7.3}{\376\377\0007\000.\0003\000\040\004\032\004\073\004\060\004\101\004\101\000\040\000r\000t\000m\000:\000:\000B\000u\000s\000h\000O\000b\000j\000e\000c\000t}{chapter.7}% 72
\BOOKMARK [2][-]{subsection.7.3.1}{\376\377\0007\000.\0003\000.\0001\000\040\004\037\004\076\004\064\004\100\004\076\004\061\004\075\004\076\004\065\000\040\004\076\004\077\004\070\004\101\004\060\004\075\004\070\004\065}{section.7.3}% 73
\BOOKMARK [2][-]{subsection.7.3.2}{\376\377\0007\000.\0003\000.\0002\000\040\004\032\004\076\004\075\004\101\004\102\004\100\004\103\004\072\004\102\004\076\004\100\000\050\004\113\000\051}{section.7.3}% 74
\BOOKMARK [3][-]{subsubsection.7.3.2.1}{\376\377\0007\000.\0003\000.\0002\000.\0001\000\040\000B\000u\000s\000h\000O\000b\000j\000e\000c\000t\000\050\000\051\000\040\000[\0001\000/\0003\000]}{subsection.7.3.2}% 75
\BOOKMARK [3][-]{subsubsection.7.3.2.2}{\376\377\0007\000.\0003\000.\0002\000.\0002\000\040\000B\000u\000s\000h\000O\000b\000j\000e\000c\000t\000\050\000\051\000\040\000[\0002\000/\0003\000]}{subsection.7.3.2}% 76
\BOOKMARK [3][-]{subsubsection.7.3.2.3}{\376\377\0007\000.\0003\000.\0002\000.\0003\000\040\000B\000u\000s\000h\000O\000b\000j\000e\000c\000t\000\050\000\051\000\040\000[\0003\000/\0003\000]}{subsection.7.3.2}% 77
\BOOKMARK [1][-]{section.7.4}{\376\377\0007\000.\0004\000\040\004\032\004\073\004\060\004\101\004\101\000\040\000r\000t\000m\000:\000:\000C\000a\000r\000O\000b\000j\000e\000c\000t}{chapter.7}% 78
\BOOKMARK [2][-]{subsection.7.4.1}{\376\377\0007\000.\0004\000.\0001\000\040\004\037\004\076\004\064\004\100\004\076\004\061\004\075\004\076\004\065\000\040\004\076\004\077\004\070\004\101\004\060\004\075\004\070\004\065}{section.7.4}% 79
\BOOKMARK [2][-]{subsection.7.4.2}{\376\377\0007\000.\0004\000.\0002\000\040\004\032\004\076\004\075\004\101\004\102\004\100\004\103\004\072\004\102\004\076\004\100\000\050\004\113\000\051}{section.7.4}% 80
\BOOKMARK [3][-]{subsubsection.7.4.2.1}{\376\377\0007\000.\0004\000.\0002\000.\0001\000\040\000C\000a\000r\000O\000b\000j\000e\000c\000t\000\050\000\051\000\040\000[\0001\000/\0003\000]}{subsection.7.4.2}% 81
\BOOKMARK [3][-]{subsubsection.7.4.2.2}{\376\377\0007\000.\0004\000.\0002\000.\0002\000\040\000C\000a\000r\000O\000b\000j\000e\000c\000t\000\050\000\051\000\040\000[\0002\000/\0003\000]}{subsection.7.4.2}% 82
\BOOKMARK [3][-]{subsubsection.7.4.2.3}{\376\377\0007\000.\0004\000.\0002\000.\0003\000\040\000C\000a\000r\000O\000b\000j\000e\000c\000t\000\050\000\051\000\040\000[\0003\000/\0003\000]}{subsection.7.4.2}% 83
\BOOKMARK [2][-]{subsection.7.4.3}{\376\377\0007\000.\0004\000.\0003\000\040\004\034\004\065\004\102\004\076\004\064\004\113}{section.7.4}% 84
\BOOKMARK [3][-]{subsubsection.7.4.3.1}{\376\377\0007\000.\0004\000.\0003\000.\0001\000\040\000M\000o\000v\000e\000m\000e\000n\000t\000S\000t\000a\000r\000t\000\137\000\050\000\051}{subsection.7.4.3}% 85
\BOOKMARK [3][-]{subsubsection.7.4.3.2}{\376\377\0007\000.\0004\000.\0003\000.\0002\000\040\000M\000o\000v\000e\000m\000e\000n\000t\000T\000i\000c\000k\000\137\000\050\000\051}{subsection.7.4.3}% 86
\BOOKMARK [3][-]{subsubsection.7.4.3.3}{\376\377\0007\000.\0004\000.\0003\000.\0003\000\040\000M\000o\000v\000e\000m\000e\000n\000t\000E\000n\000d\000\137\000\050\000\051}{subsection.7.4.3}% 87
\BOOKMARK [3][-]{subsubsection.7.4.3.4}{\376\377\0007\000.\0004\000.\0003\000.\0004\000\040\000L\000i\000n\000e\000C\000h\000a\000n\000g\000i\000n\000g\000S\000t\000a\000r\000t\000\050\000\051}{subsection.7.4.3}% 88
\BOOKMARK [3][-]{subsubsection.7.4.3.5}{\376\377\0007\000.\0004\000.\0003\000.\0005\000\040\000C\000h\000e\000c\000k\000C\000o\000a\000t\000i\000n\000g\000A\000h\000e\000a\000d\000\137\000\050\000\051}{subsection.7.4.3}% 89
\BOOKMARK [3][-]{subsubsection.7.4.3.6}{\376\377\0007\000.\0004\000.\0003\000.\0006\000\040\000C\000h\000e\000c\000k\000C\000o\000a\000t\000i\000n\000g\000U\000n\000i\000o\000n\000A\000h\000e\000a\000d\000\137\000\050\000\051}{subsection.7.4.3}% 90
\BOOKMARK [3][-]{subsubsection.7.4.3.7}{\376\377\0007\000.\0004\000.\0003\000.\0007\000\040\000C\000h\000e\000c\000k\000R\000o\000a\000d\000A\000h\000e\000a\000d\000\137\000\050\000\051}{subsection.7.4.3}% 91
\BOOKMARK [3][-]{subsubsection.7.4.3.8}{\376\377\0007\000.\0004\000.\0003\000.\0008\000\040\000G\000e\000t\000C\000l\000a\000s\000s\000M\000a\000x\000S\000p\000e\000e\000d\000\137\000\050\000\051}{subsection.7.4.3}% 92
\BOOKMARK [3][-]{subsubsection.7.4.3.9}{\376\377\0007\000.\0004\000.\0003\000.\0009\000\040\000G\000e\000t\000C\000l\000a\000s\000s\000A\000c\000c\000e\000l\000e\000r\000a\000t\000i\000o\000n\000\137\000\050\000\051}{subsection.7.4.3}% 93
\BOOKMARK [1][-]{section.7.5}{\376\377\0007\000.\0005\000\040\004\032\004\073\004\060\004\101\004\101\000\040\000r\000t\000m\000:\000:\000C\000o\000a\000t\000i\000n\000g\000O\000b\000j\000e\000c\000t}{chapter.7}% 94
\BOOKMARK [2][-]{subsection.7.5.1}{\376\377\0007\000.\0005\000.\0001\000\040\004\037\004\076\004\064\004\100\004\076\004\061\004\075\004\076\004\065\000\040\004\076\004\077\004\070\004\101\004\060\004\075\004\070\004\065}{section.7.5}% 95
\BOOKMARK [2][-]{subsection.7.5.2}{\376\377\0007\000.\0005\000.\0002\000\040\004\032\004\076\004\075\004\101\004\102\004\100\004\103\004\072\004\102\004\076\004\100\000\050\004\113\000\051}{section.7.5}% 96
\BOOKMARK [3][-]{subsubsection.7.5.2.1}{\376\377\0007\000.\0005\000.\0002\000.\0001\000\040\000C\000o\000a\000t\000i\000n\000g\000O\000b\000j\000e\000c\000t\000\050\000\051\000\040\000[\0001\000/\0002\000]}{subsection.7.5.2}% 97
\BOOKMARK [3][-]{subsubsection.7.5.2.2}{\376\377\0007\000.\0005\000.\0002\000.\0002\000\040\000C\000o\000a\000t\000i\000n\000g\000O\000b\000j\000e\000c\000t\000\050\000\051\000\040\000[\0002\000/\0002\000]}{subsection.7.5.2}% 98
\BOOKMARK [2][-]{subsection.7.5.3}{\376\377\0007\000.\0005\000.\0003\000\040\004\034\004\065\004\102\004\076\004\064\004\113}{section.7.5}% 99
\BOOKMARK [3][-]{subsubsection.7.5.3.1}{\376\377\0007\000.\0005\000.\0003\000.\0001\000\040\000G\000e\000t\000S\000p\000r\000i\000t\000e\000\050\000\051}{subsection.7.5.3}% 100
\BOOKMARK [3][-]{subsubsection.7.5.3.2}{\376\377\0007\000.\0005\000.\0003\000.\0002\000\040\000G\000e\000t\000R\000e\000s\000i\000s\000t\000a\000n\000c\000e\000\050\000\051}{subsection.7.5.3}% 101
\BOOKMARK [3][-]{subsubsection.7.5.3.3}{\376\377\0007\000.\0005\000.\0003\000.\0003\000\040\000H\000a\000s\000D\000i\000r\000e\000c\000t\000i\000o\000n\000\050\000\051}{subsection.7.5.3}% 102
\BOOKMARK [3][-]{subsubsection.7.5.3.4}{\376\377\0007\000.\0005\000.\0003\000.\0004\000\040\000I\000s\000D\000i\000r\000e\000c\000t\000i\000o\000n\000A\000v\000a\000i\000l\000a\000b\000l\000e\000\050\000\051}{subsection.7.5.3}% 103
\BOOKMARK [3][-]{subsubsection.7.5.3.5}{\376\377\0007\000.\0005\000.\0003\000.\0005\000\040\000S\000e\000t\000D\000i\000r\000e\000c\000t\000i\000o\000n\000A\000v\000a\000i\000l\000a\000b\000i\000l\000i\000t\000y\000\050\000\051}{subsection.7.5.3}% 104
\BOOKMARK [3][-]{subsubsection.7.5.3.6}{\376\377\0007\000.\0005\000.\0003\000.\0006\000\040\000S\000e\000t\000S\000p\000r\000i\000t\000e\000\137\000\050\000\051}{subsection.7.5.3}% 105
\BOOKMARK [3][-]{subsubsection.7.5.3.7}{\376\377\0007\000.\0005\000.\0003\000.\0007\000\040\000S\000e\000t\000X\000\137\000\050\000\051}{subsection.7.5.3}% 106
\BOOKMARK [3][-]{subsubsection.7.5.3.8}{\376\377\0007\000.\0005\000.\0003\000.\0008\000\040\000S\000e\000t\000Y\000\137\000\050\000\051}{subsection.7.5.3}% 107
\BOOKMARK [1][-]{section.7.6}{\376\377\0007\000.\0006\000\040\004\032\004\073\004\060\004\101\004\101\000\040\000r\000t\000m\000:\000:\000C\000o\000a\000t\000i\000n\000g\000U\000n\000i\000o\000n}{chapter.7}% 108
\BOOKMARK [2][-]{subsection.7.6.1}{\376\377\0007\000.\0006\000.\0001\000\040\004\037\004\076\004\064\004\100\004\076\004\061\004\075\004\076\004\065\000\040\004\076\004\077\004\070\004\101\004\060\004\075\004\070\004\065}{section.7.6}% 109
\BOOKMARK [2][-]{subsection.7.6.2}{\376\377\0007\000.\0006\000.\0002\000\040\004\032\004\076\004\075\004\101\004\102\004\100\004\103\004\072\004\102\004\076\004\100\000\050\004\113\000\051}{section.7.6}% 110
\BOOKMARK [3][-]{subsubsection.7.6.2.1}{\376\377\0007\000.\0006\000.\0002\000.\0001\000\040\000C\000o\000a\000t\000i\000n\000g\000U\000n\000i\000o\000n\000\050\000\051}{subsection.7.6.2}% 111
\BOOKMARK [2][-]{subsection.7.6.3}{\376\377\0007\000.\0006\000.\0003\000\040\004\034\004\065\004\102\004\076\004\064\004\113}{section.7.6}% 112
\BOOKMARK [3][-]{subsubsection.7.6.3.1}{\376\377\0007\000.\0006\000.\0003\000.\0001\000\040\000G\000e\000t\000T\000y\000p\000e\000\050\000\051}{subsection.7.6.3}% 113
\BOOKMARK [3][-]{subsubsection.7.6.3.2}{\376\377\0007\000.\0006\000.\0003\000.\0002\000\040\000G\000e\000t\000W\000i\000d\000t\000h\000\050\000\051}{subsection.7.6.3}% 114
\BOOKMARK [3][-]{subsubsection.7.6.3.3}{\376\377\0007\000.\0006\000.\0003\000.\0003\000\040\000G\000e\000t\000H\000e\000i\000g\000h\000t\000\050\000\051}{subsection.7.6.3}% 115
\BOOKMARK [3][-]{subsubsection.7.6.3.4}{\376\377\0007\000.\0006\000.\0003\000.\0004\000\040\000G\000e\000t\000C\000o\000a\000t\000i\000n\000g\000O\000b\000j\000e\000c\000t\000\050\000\051}{subsection.7.6.3}% 116
\BOOKMARK [3][-]{subsubsection.7.6.3.5}{\376\377\0007\000.\0006\000.\0003\000.\0005\000\040\000G\000e\000t\000L\000e\000n\000g\000t\000h\000\050\000\051}{subsection.7.6.3}% 117
\BOOKMARK [3][-]{subsubsection.7.6.3.6}{\376\377\0007\000.\0006\000.\0003\000.\0006\000\040\000I\000s\000C\000o\000r\000r\000e\000c\000t\000C\000o\000l\000u\000m\000n\000\050\000\051}{subsection.7.6.3}% 118
\BOOKMARK [3][-]{subsubsection.7.6.3.7}{\376\377\0007\000.\0006\000.\0003\000.\0007\000\040\000I\000s\000C\000o\000r\000r\000e\000c\000t\000R\000o\000w\000\050\000\051}{subsection.7.6.3}% 119
\BOOKMARK [3][-]{subsubsection.7.6.3.8}{\376\377\0007\000.\0006\000.\0003\000.\0008\000\040\000S\000h\000o\000w\000S\000p\000r\000i\000t\000e\000s\000\050\000\051}{subsection.7.6.3}% 120
\BOOKMARK [3][-]{subsubsection.7.6.3.9}{\376\377\0007\000.\0006\000.\0003\000.\0009\000\040\000R\000e\000l\000e\000a\000s\000e\000S\000p\000r\000i\000t\000e\000s\000\050\000\051}{subsection.7.6.3}% 121
\BOOKMARK [3][-]{subsubsection.7.6.3.10}{\376\377\0007\000.\0006\000.\0003\000.\0001\0000\000\040\000G\000e\000t\000C\000o\000l\000u\000m\000n\000\137\000\050\000\051}{subsection.7.6.3}% 122
\BOOKMARK [3][-]{subsubsection.7.6.3.11}{\376\377\0007\000.\0006\000.\0003\000.\0001\0001\000\040\000G\000e\000t\000R\000o\000w\000\137\000\050\000\051}{subsection.7.6.3}% 123
\BOOKMARK [1][-]{section.7.7}{\376\377\0007\000.\0007\000\040\004\032\004\073\004\060\004\101\004\101\000\040\000r\000t\000m\000:\000:\000C\000o\000n\000t\000r\000o\000l\000U\000n\000i\000t}{chapter.7}% 124
\BOOKMARK [2][-]{subsection.7.7.1}{\376\377\0007\000.\0007\000.\0001\000\040\004\037\004\076\004\064\004\100\004\076\004\061\004\075\004\076\004\065\000\040\004\076\004\077\004\070\004\101\004\060\004\075\004\070\004\065}{section.7.7}% 125
\BOOKMARK [2][-]{subsection.7.7.2}{\376\377\0007\000.\0007\000.\0002\000\040\004\032\004\076\004\075\004\101\004\102\004\100\004\103\004\072\004\102\004\076\004\100\000\050\004\113\000\051}{section.7.7}% 126
\BOOKMARK [3][-]{subsubsection.7.7.2.1}{\376\377\0007\000.\0007\000.\0002\000.\0001\000\040\000C\000o\000n\000t\000r\000o\000l\000U\000n\000i\000t\000\050\000\051\000\040\000[\0001\000/\0002\000]}{subsection.7.7.2}% 127
\BOOKMARK [3][-]{subsubsection.7.7.2.2}{\376\377\0007\000.\0007\000.\0002\000.\0002\000\040\000C\000o\000n\000t\000r\000o\000l\000U\000n\000i\000t\000\050\000\051\000\040\000[\0002\000/\0002\000]}{subsection.7.7.2}% 128
\BOOKMARK [2][-]{subsection.7.7.3}{\376\377\0007\000.\0007\000.\0003\000\040\004\034\004\065\004\102\004\076\004\064\004\113}{section.7.7}% 129
\BOOKMARK [3][-]{subsubsection.7.7.3.1}{\376\377\0007\000.\0007\000.\0003\000.\0001\000\040\000U\000p\000d\000a\000t\000e\000\050\000\051}{subsection.7.7.3}% 130
\BOOKMARK [3][-]{subsubsection.7.7.3.2}{\376\377\0007\000.\0007\000.\0003\000.\0002\000\040\000o\000p\000e\000r\000a\000t\000o\000r\000\040\000b\000o\000o\000l\000\050\000\051}{subsection.7.7.3}% 131
\BOOKMARK [3][-]{subsubsection.7.7.3.3}{\376\377\0007\000.\0007\000.\0003\000.\0003\000\040\000G\000e\000t\000S\000i\000g\000n\000a\000l\000\050\000\051}{subsection.7.7.3}% 132
\BOOKMARK [3][-]{subsubsection.7.7.3.4}{\376\377\0007\000.\0007\000.\0003\000.\0004\000\040\000S\000h\000o\000w\000S\000p\000r\000i\000t\000e\000s\000\050\000\051}{subsection.7.7.3}% 133
\BOOKMARK [3][-]{subsubsection.7.7.3.5}{\376\377\0007\000.\0007\000.\0003\000.\0005\000\040\000R\000e\000l\000e\000a\000s\000e\000S\000p\000r\000i\000t\000e\000s\000\050\000\051}{subsection.7.7.3}% 134
\BOOKMARK [3][-]{subsubsection.7.7.3.6}{\376\377\0007\000.\0007\000.\0003\000.\0006\000\040\000U\000p\000d\000a\000t\000e\000S\000i\000g\000n\000a\000l\000\137\000\050\000\051}{subsection.7.7.3}% 135
\BOOKMARK [3][-]{subsubsection.7.7.3.7}{\376\377\0007\000.\0007\000.\0003\000.\0007\000\040\000S\000e\000t\000S\000t\000a\000t\000e\000\137\000\050\000\051}{subsection.7.7.3}% 136
\BOOKMARK [1][-]{section.7.8}{\376\377\0007\000.\0008\000\040\004\032\004\073\004\060\004\101\004\101\000\040\000r\000t\000m\000:\000:\000C\000r\000o\000s\000s\000r\000o\000a\000d\000O\000b\000j\000e\000c\000t}{chapter.7}% 137
\BOOKMARK [2][-]{subsection.7.8.1}{\376\377\0007\000.\0008\000.\0001\000\040\004\037\004\076\004\064\004\100\004\076\004\061\004\075\004\076\004\065\000\040\004\076\004\077\004\070\004\101\004\060\004\075\004\070\004\065}{section.7.8}% 138
\BOOKMARK [2][-]{subsection.7.8.2}{\376\377\0007\000.\0008\000.\0002\000\040\004\032\004\076\004\075\004\101\004\102\004\100\004\103\004\072\004\102\004\076\004\100\000\050\004\113\000\051}{section.7.8}% 139
\BOOKMARK [3][-]{subsubsection.7.8.2.1}{\376\377\0007\000.\0008\000.\0002\000.\0001\000\040\000C\000r\000o\000s\000s\000r\000o\000a\000d\000O\000b\000j\000e\000c\000t\000\050\000\051\000\040\000[\0001\000/\0002\000]}{subsection.7.8.2}% 140
\BOOKMARK [3][-]{subsubsection.7.8.2.2}{\376\377\0007\000.\0008\000.\0002\000.\0002\000\040\000C\000r\000o\000s\000s\000r\000o\000a\000d\000O\000b\000j\000e\000c\000t\000\050\000\051\000\040\000[\0002\000/\0002\000]}{subsection.7.8.2}% 141
\BOOKMARK [2][-]{subsection.7.8.3}{\376\377\0007\000.\0008\000.\0003\000\040\004\034\004\065\004\102\004\076\004\064\004\113}{section.7.8}% 142
\BOOKMARK [3][-]{subsubsection.7.8.3.1}{\376\377\0007\000.\0008\000.\0003\000.\0001\000\040\000C\000r\000o\000s\000s\000r\000o\000a\000d\000M\000a\000t\000r\000i\000x\000\050\000\051}{subsection.7.8.3}% 143
\BOOKMARK [3][-]{subsubsection.7.8.3.2}{\376\377\0007\000.\0008\000.\0003\000.\0002\000\040\000T\000C\000r\000o\000s\000s\000r\000o\000a\000d\000M\000a\000t\000r\000i\000x\000\050\000\051}{subsection.7.8.3}% 144
\BOOKMARK [3][-]{subsubsection.7.8.3.3}{\376\377\0007\000.\0008\000.\0003\000.\0003\000\040\000G\000e\000t\000N\000u\000l\000l\000D\000i\000r\000e\000c\000t\000i\000o\000n\000\050\000\051}{subsection.7.8.3}% 145
\BOOKMARK [3][-]{subsubsection.7.8.3.4}{\376\377\0007\000.\0008\000.\0003\000.\0004\000\040\000G\000e\000t\000C\000o\000n\000t\000r\000o\000l\000U\000n\000i\000t\000\050\000\051}{subsection.7.8.3}% 146
\BOOKMARK [3][-]{subsubsection.7.8.3.5}{\376\377\0007\000.\0008\000.\0003\000.\0005\000\040\000S\000h\000o\000w\000S\000p\000r\000i\000t\000e\000s\000\050\000\051}{subsection.7.8.3}% 147
\BOOKMARK [3][-]{subsubsection.7.8.3.6}{\376\377\0007\000.\0008\000.\0003\000.\0006\000\040\000R\000e\000l\000e\000a\000s\000e\000S\000p\000r\000i\000t\000e\000s\000\050\000\051}{subsection.7.8.3}% 148
\BOOKMARK [1][-]{section.7.9}{\376\377\0007\000.\0009\000\040\004\032\004\073\004\060\004\101\004\101\000\040\000r\000t\000m\000:\000:\000D\000r\000i\000v\000e\000w\000a\000y\000O\000b\000j\000e\000c\000t}{chapter.7}% 149
\BOOKMARK [2][-]{subsection.7.9.1}{\376\377\0007\000.\0009\000.\0001\000\040\004\037\004\076\004\064\004\100\004\076\004\061\004\075\004\076\004\065\000\040\004\076\004\077\004\070\004\101\004\060\004\075\004\070\004\065}{section.7.9}% 150
\BOOKMARK [2][-]{subsection.7.9.2}{\376\377\0007\000.\0009\000.\0002\000\040\004\032\004\076\004\075\004\101\004\102\004\100\004\103\004\072\004\102\004\076\004\100\000\050\004\113\000\051}{section.7.9}% 151
\BOOKMARK [3][-]{subsubsection.7.9.2.1}{\376\377\0007\000.\0009\000.\0002\000.\0001\000\040\000D\000r\000i\000v\000e\000w\000a\000y\000O\000b\000j\000e\000c\000t\000\050\000\051}{subsection.7.9.2}% 152
\BOOKMARK [2][-]{subsection.7.9.3}{\376\377\0007\000.\0009\000.\0003\000\040\004\034\004\065\004\102\004\076\004\064\004\113}{section.7.9}% 153
\BOOKMARK [3][-]{subsubsection.7.9.3.1}{\376\377\0007\000.\0009\000.\0003\000.\0001\000\040\000D\000r\000i\000v\000e\000w\000a\000y\000M\000a\000t\000r\000i\000x\000\050\000\051}{subsection.7.9.3}% 154
\BOOKMARK [3][-]{subsubsection.7.9.3.2}{\376\377\0007\000.\0009\000.\0003\000.\0002\000\040\000G\000e\000t\000L\000e\000n\000g\000t\000h\000\050\000\051}{subsection.7.9.3}% 155
\BOOKMARK [3][-]{subsubsection.7.9.3.3}{\376\377\0007\000.\0009\000.\0003\000.\0003\000\040\000G\000e\000t\000L\000i\000n\000e\000s\000C\000o\000u\000n\000t\000\050\000\051}{subsection.7.9.3}% 156
\BOOKMARK [3][-]{subsubsection.7.9.3.4}{\376\377\0007\000.\0009\000.\0003\000.\0004\000\040\000i\000s\000R\000i\000g\000h\000t\000L\000i\000n\000e\000\050\000\051\000\040\000[\0001\000/\0002\000]}{subsection.7.9.3}% 157
\BOOKMARK [3][-]{subsubsection.7.9.3.5}{\376\377\0007\000.\0009\000.\0003\000.\0005\000\040\000i\000s\000R\000i\000g\000h\000t\000L\000i\000n\000e\000\050\000\051\000\040\000[\0002\000/\0002\000]}{subsection.7.9.3}% 158
\BOOKMARK [3][-]{subsubsection.7.9.3.6}{\376\377\0007\000.\0009\000.\0003\000.\0006\000\040\000i\000s\000L\000e\000f\000t\000L\000i\000n\000e\000\050\000\051\000\040\000[\0001\000/\0002\000]}{subsection.7.9.3}% 159
\BOOKMARK [3][-]{subsubsection.7.9.3.7}{\376\377\0007\000.\0009\000.\0003\000.\0007\000\040\000i\000s\000L\000e\000f\000t\000L\000i\000n\000e\000\050\000\051\000\040\000[\0002\000/\0002\000]}{subsection.7.9.3}% 160
\BOOKMARK [3][-]{subsubsection.7.9.3.8}{\376\377\0007\000.\0009\000.\0003\000.\0008\000\040\000C\000o\000u\000n\000t\000L\000e\000n\000g\000t\000h\000\137\000\050\000\051}{subsection.7.9.3}% 161
\BOOKMARK [3][-]{subsubsection.7.9.3.9}{\376\377\0007\000.\0009\000.\0003\000.\0009\000\040\000C\000o\000u\000n\000t\000L\000i\000n\000e\000s\000\137\000\050\000\051}{subsection.7.9.3}% 162
\BOOKMARK [1][-]{section.7.10}{\376\377\0007\000.\0001\0000\000\040\004\032\004\073\004\060\004\101\004\101\000\040\000r\000t\000m\000:\000:\000D\000y\000n\000a\000m\000i\000c\000O\000b\000j\000e\000c\000t}{chapter.7}% 163
\BOOKMARK [2][-]{subsection.7.10.1}{\376\377\0007\000.\0001\0000\000.\0001\000\040\004\037\004\076\004\064\004\100\004\076\004\061\004\075\004\076\004\065\000\040\004\076\004\077\004\070\004\101\004\060\004\075\004\070\004\065}{section.7.10}% 164
\BOOKMARK [2][-]{subsection.7.10.2}{\376\377\0007\000.\0001\0000\000.\0002\000\040\004\032\004\076\004\075\004\101\004\102\004\100\004\103\004\072\004\102\004\076\004\100\000\050\004\113\000\051}{section.7.10}% 165
\BOOKMARK [3][-]{subsubsection.7.10.2.1}{\376\377\0007\000.\0001\0000\000.\0002\000.\0001\000\040\000D\000y\000n\000a\000m\000i\000c\000O\000b\000j\000e\000c\000t\000\050\000\051\000\040\000[\0001\000/\0002\000]}{subsection.7.10.2}% 166
\BOOKMARK [3][-]{subsubsection.7.10.2.2}{\376\377\0007\000.\0001\0000\000.\0002\000.\0002\000\040\000D\000y\000n\000a\000m\000i\000c\000O\000b\000j\000e\000c\000t\000\050\000\051\000\040\000[\0002\000/\0002\000]}{subsection.7.10.2}% 167
\BOOKMARK [2][-]{subsection.7.10.3}{\376\377\0007\000.\0001\0000\000.\0003\000\040\004\034\004\065\004\102\004\076\004\064\004\113}{section.7.10}% 168
\BOOKMARK [3][-]{subsubsection.7.10.3.1}{\376\377\0007\000.\0001\0000\000.\0003\000.\0001\000\040\000G\000e\000t\000S\000p\000e\000e\000d\000\050\000\051}{subsection.7.10.3}% 169
\BOOKMARK [3][-]{subsubsection.7.10.3.2}{\376\377\0007\000.\0001\0000\000.\0003\000.\0002\000\040\000G\000e\000t\000L\000a\000s\000t\000D\000e\000l\000t\000a\000\050\000\051}{subsection.7.10.3}% 170
\BOOKMARK [3][-]{subsubsection.7.10.3.3}{\376\377\0007\000.\0001\0000\000.\0003\000.\0003\000\040\000H\000a\000s\000C\000o\000l\000l\000i\000s\000i\000o\000n\000\050\000\051}{subsection.7.10.3}% 171
\BOOKMARK [3][-]{subsubsection.7.10.3.4}{\376\377\0007\000.\0001\0000\000.\0003\000.\0004\000\040\000U\000p\000d\000a\000t\000e\000\050\000\051}{subsection.7.10.3}% 172
\BOOKMARK [3][-]{subsubsection.7.10.3.5}{\376\377\0007\000.\0001\0000\000.\0003\000.\0005\000\040\000I\000s\000N\000e\000a\000r\000O\000t\000h\000e\000r\000s\000\050\000\051}{subsection.7.10.3}% 173
\BOOKMARK [3][-]{subsubsection.7.10.3.6}{\376\377\0007\000.\0001\0000\000.\0003\000.\0006\000\040\000S\000e\000t\000S\000p\000e\000e\000d\000\137\000\050\000\051}{subsection.7.10.3}% 174
\BOOKMARK [3][-]{subsubsection.7.10.3.7}{\376\377\0007\000.\0001\0000\000.\0003\000.\0007\000\040\000S\000e\000t\000C\000o\000l\000l\000i\000s\000i\000o\000n\000F\000l\000a\000g\000\137\000\050\000\051}{subsection.7.10.3}% 175
\BOOKMARK [3][-]{subsubsection.7.10.3.8}{\376\377\0007\000.\0001\0000\000.\0003\000.\0008\000\040\000I\000s\000B\000e\000h\000o\000l\000d\000i\000n\000g\000\137\000\050\000\051}{subsection.7.10.3}% 176
\BOOKMARK [3][-]{subsubsection.7.10.3.9}{\376\377\0007\000.\0001\0000\000.\0003\000.\0009\000\040\000I\000s\000I\000n\000t\000e\000r\000s\000e\000c\000t\000i\000n\000g\000\137\000\050\000\051}{subsection.7.10.3}% 177
\BOOKMARK [3][-]{subsubsection.7.10.3.10}{\376\377\0007\000.\0001\0000\000.\0003\000.\0001\0000\000\040\000I\000s\000N\000e\000a\000r\000\137\000\050\000\051}{subsection.7.10.3}% 178
\BOOKMARK [2][-]{subsection.7.10.4}{\376\377\0007\000.\0001\0000\000.\0004\000\040\004\024\004\076\004\072\004\103\004\074\004\065\004\075\004\102\004\060\004\106\004\070\004\117\000\040\004\077\004\076\000\040\004\064\004\100\004\103\004\067\004\114\004\117\004\074\000\040\004\072\004\073\004\060\004\101\004\101\004\060\000\040\004\070\000\040\004\104\004\103\004\075\004\072\004\106\004\070\004\117\004\074\000,\000\040\004\076\004\102\004\075\004\076\004\101\004\117\004\111\004\070\004\074\004\101\004\117\000\040\004\072\000\040\004\072\004\073\004\060\004\101\004\101\004\103}{section.7.10}% 179
\BOOKMARK [3][-]{subsubsection.7.10.4.1}{\376\377\0007\000.\0001\0000\000.\0004\000.\0001\000\040\000C\000h\000e\000c\000k\000C\000o\000l\000l\000i\000s\000i\000o\000n\000s}{subsection.7.10.4}% 180
\BOOKMARK [1][-]{section.7.11}{\376\377\0007\000.\0001\0001\000\040\004\032\004\073\004\060\004\101\004\101\000\040\000r\000t\000m\000:\000:\000M\000a\000p\000O\000b\000j\000e\000c\000t}{chapter.7}% 181
\BOOKMARK [2][-]{subsection.7.11.1}{\376\377\0007\000.\0001\0001\000.\0001\000\040\004\037\004\076\004\064\004\100\004\076\004\061\004\075\004\076\004\065\000\040\004\076\004\077\004\070\004\101\004\060\004\075\004\070\004\065}{section.7.11}% 182
\BOOKMARK [2][-]{subsection.7.11.2}{\376\377\0007\000.\0001\0001\000.\0002\000\040\004\032\004\076\004\075\004\101\004\102\004\100\004\103\004\072\004\102\004\076\004\100\000\050\004\113\000\051}{section.7.11}% 183
\BOOKMARK [3][-]{subsubsection.7.11.2.1}{\376\377\0007\000.\0001\0001\000.\0002\000.\0001\000\040\000M\000a\000p\000O\000b\000j\000e\000c\000t\000\050\000\051\000\040\000[\0001\000/\0002\000]}{subsection.7.11.2}% 184
\BOOKMARK [3][-]{subsubsection.7.11.2.2}{\376\377\0007\000.\0001\0001\000.\0002\000.\0002\000\040\000M\000a\000p\000O\000b\000j\000e\000c\000t\000\050\000\051\000\040\000[\0002\000/\0002\000]}{subsection.7.11.2}% 185
\BOOKMARK [1][-]{section.7.12}{\376\377\0007\000.\0001\0002\000\040\004\032\004\073\004\060\004\101\004\101\000\040\000r\000t\000m\000:\000:\000P\000u\000d\000d\000l\000e\000C\000o\000a\000t\000i\000n\000g}{chapter.7}% 186
\BOOKMARK [2][-]{subsection.7.12.1}{\376\377\0007\000.\0001\0002\000.\0001\000\040\004\037\004\076\004\064\004\100\004\076\004\061\004\075\004\076\004\065\000\040\004\076\004\077\004\070\004\101\004\060\004\075\004\070\004\065}{section.7.12}% 187
\BOOKMARK [2][-]{subsection.7.12.2}{\376\377\0007\000.\0001\0002\000.\0002\000\040\004\032\004\076\004\075\004\101\004\102\004\100\004\103\004\072\004\102\004\076\004\100\000\050\004\113\000\051}{section.7.12}% 188
\BOOKMARK [3][-]{subsubsection.7.12.2.1}{\376\377\0007\000.\0001\0002\000.\0002\000.\0001\000\040\000P\000u\000d\000d\000l\000e\000C\000o\000a\000t\000i\000n\000g\000\050\000\051\000\040\000[\0001\000/\0003\000]}{subsection.7.12.2}% 189
\BOOKMARK [3][-]{subsubsection.7.12.2.2}{\376\377\0007\000.\0001\0002\000.\0002\000.\0002\000\040\000P\000u\000d\000d\000l\000e\000C\000o\000a\000t\000i\000n\000g\000\050\000\051\000\040\000[\0002\000/\0003\000]}{subsection.7.12.2}% 190
\BOOKMARK [3][-]{subsubsection.7.12.2.3}{\376\377\0007\000.\0001\0002\000.\0002\000.\0003\000\040\000P\000u\000d\000d\000l\000e\000C\000o\000a\000t\000i\000n\000g\000\050\000\051\000\040\000[\0003\000/\0003\000]}{subsection.7.12.2}% 191
\BOOKMARK [1][-]{section.7.13}{\376\377\0007\000.\0001\0003\000\040\004\032\004\073\004\060\004\101\004\101\000\040\000r\000t\000m\000:\000:\000R\000o\000a\000d\000C\000o\000a\000t\000i\000n\000g}{chapter.7}% 192
\BOOKMARK [2][-]{subsection.7.13.1}{\376\377\0007\000.\0001\0003\000.\0001\000\040\004\037\004\076\004\064\004\100\004\076\004\061\004\075\004\076\004\065\000\040\004\076\004\077\004\070\004\101\004\060\004\075\004\070\004\065}{section.7.13}% 193
\BOOKMARK [2][-]{subsection.7.13.2}{\376\377\0007\000.\0001\0003\000.\0002\000\040\004\032\004\076\004\075\004\101\004\102\004\100\004\103\004\072\004\102\004\076\004\100\000\050\004\113\000\051}{section.7.13}% 194
\BOOKMARK [3][-]{subsubsection.7.13.2.1}{\376\377\0007\000.\0001\0003\000.\0002\000.\0001\000\040\000R\000o\000a\000d\000C\000o\000a\000t\000i\000n\000g\000\050\000\051\000\040\000[\0001\000/\0003\000]}{subsection.7.13.2}% 195
\BOOKMARK [3][-]{subsubsection.7.13.2.2}{\376\377\0007\000.\0001\0003\000.\0002\000.\0002\000\040\000R\000o\000a\000d\000C\000o\000a\000t\000i\000n\000g\000\050\000\051\000\040\000[\0002\000/\0003\000]}{subsection.7.13.2}% 196
\BOOKMARK [3][-]{subsubsection.7.13.2.3}{\376\377\0007\000.\0001\0003\000.\0002\000.\0003\000\040\000R\000o\000a\000d\000C\000o\000a\000t\000i\000n\000g\000\050\000\051\000\040\000[\0003\000/\0003\000]}{subsection.7.13.2}% 197
\BOOKMARK [2][-]{subsection.7.13.3}{\376\377\0007\000.\0001\0003\000.\0003\000\040\004\034\004\065\004\102\004\076\004\064\004\113}{section.7.13}% 198
\BOOKMARK [3][-]{subsubsection.7.13.3.1}{\376\377\0007\000.\0001\0003\000.\0003\000.\0001\000\040\000G\000e\000t\000C\000l\000a\000s\000s\000R\000e\000s\000i\000s\000t\000a\000n\000c\000e\000\137\000\050\000\051}{subsection.7.13.3}% 199
\BOOKMARK [3][-]{subsubsection.7.13.3.2}{\376\377\0007\000.\0001\0003\000.\0003\000.\0002\000\040\000G\000e\000t\000C\000l\000a\000s\000s\000D\000i\000r\000e\000c\000t\000i\000o\000n\000s\000\137\000\050\000\051}{subsection.7.13.3}% 200
\BOOKMARK [1][-]{section.7.14}{\376\377\0007\000.\0001\0004\000\040\004\041\004\102\004\100\004\103\004\072\004\102\004\103\004\100\004\060\000\040\000r\000t\000m\000:\000:\000S\000p\000a\000w\000n\000T\000y\000p\000e}{chapter.7}% 201
\BOOKMARK [2][-]{subsection.7.14.1}{\376\377\0007\000.\0001\0004\000.\0001\000\040\004\037\004\076\004\064\004\100\004\076\004\061\004\075\004\076\004\065\000\040\004\076\004\077\004\070\004\101\004\060\004\075\004\070\004\065}{section.7.14}% 202
\BOOKMARK [1][-]{section.7.15}{\376\377\0007\000.\0001\0005\000\040\004\032\004\073\004\060\004\101\004\101\000\040\000r\000t\000m\000:\000:\000S\000t\000a\000t\000i\000c\000O\000b\000j\000e\000c\000t}{chapter.7}% 203
\BOOKMARK [2][-]{subsection.7.15.1}{\376\377\0007\000.\0001\0005\000.\0001\000\040\004\037\004\076\004\064\004\100\004\076\004\061\004\075\004\076\004\065\000\040\004\076\004\077\004\070\004\101\004\060\004\075\004\070\004\065}{section.7.15}% 204
\BOOKMARK [2][-]{subsection.7.15.2}{\376\377\0007\000.\0001\0005\000.\0002\000\040\004\032\004\076\004\075\004\101\004\102\004\100\004\103\004\072\004\102\004\076\004\100\000\050\004\113\000\051}{section.7.15}% 205
\BOOKMARK [3][-]{subsubsection.7.15.2.1}{\376\377\0007\000.\0001\0005\000.\0002\000.\0001\000\040\000S\000t\000a\000t\000i\000c\000O\000b\000j\000e\000c\000t\000\050\000\051\000\040\000[\0001\000/\0002\000]}{subsection.7.15.2}% 206
\BOOKMARK [3][-]{subsubsection.7.15.2.2}{\376\377\0007\000.\0001\0005\000.\0002\000.\0002\000\040\000S\000t\000a\000t\000i\000c\000O\000b\000j\000e\000c\000t\000\050\000\051\000\040\000[\0002\000/\0002\000]}{subsection.7.15.2}% 207
\BOOKMARK [1][-]{section.7.16}{\376\377\0007\000.\0001\0006\000\040\004\032\004\073\004\060\004\101\004\101\000\040\000r\000t\000m\000:\000:\000T\000u\000r\000n\000O\000b\000j\000e\000c\000t}{chapter.7}% 208
\BOOKMARK [2][-]{subsection.7.16.1}{\376\377\0007\000.\0001\0006\000.\0001\000\040\004\037\004\076\004\064\004\100\004\076\004\061\004\075\004\076\004\065\000\040\004\076\004\077\004\070\004\101\004\060\004\075\004\070\004\065}{section.7.16}% 209
\BOOKMARK [2][-]{subsection.7.16.2}{\376\377\0007\000.\0001\0006\000.\0002\000\040\004\032\004\076\004\075\004\101\004\102\004\100\004\103\004\072\004\102\004\076\004\100\000\050\004\113\000\051}{section.7.16}% 210
\BOOKMARK [3][-]{subsubsection.7.16.2.1}{\376\377\0007\000.\0001\0006\000.\0002\000.\0001\000\040\000T\000u\000r\000n\000O\000b\000j\000e\000c\000t\000\050\000\051}{subsection.7.16.2}% 211
\BOOKMARK [2][-]{subsection.7.16.3}{\376\377\0007\000.\0001\0006\000.\0003\000\040\004\034\004\065\004\102\004\076\004\064\004\113}{section.7.16}% 212
\BOOKMARK [3][-]{subsubsection.7.16.3.1}{\376\377\0007\000.\0001\0006\000.\0003\000.\0001\000\040\000R\000i\000g\000h\000t\000T\000u\000r\000n\000M\000a\000t\000r\000i\000x\000\050\000\051}{subsection.7.16.3}% 213
\BOOKMARK [3][-]{subsubsection.7.16.3.2}{\376\377\0007\000.\0001\0006\000.\0003\000.\0002\000\040\000L\000e\000f\000t\000T\000u\000r\000n\000M\000a\000t\000r\000i\000x\000\050\000\051}{subsection.7.16.3}% 214
\BOOKMARK [3][-]{subsubsection.7.16.3.3}{\376\377\0007\000.\0001\0006\000.\0003\000.\0003\000\040\000I\000s\000R\000i\000g\000h\000t\000\050\000\051}{subsection.7.16.3}% 215
\BOOKMARK [3][-]{subsubsection.7.16.3.4}{\376\377\0007\000.\0001\0006\000.\0003\000.\0004\000\040\000G\000e\000t\000A\000n\000g\000l\000e\000\050\000\051}{subsection.7.16.3}% 216
\BOOKMARK [1][-]{section.7.17}{\376\377\0007\000.\0001\0007\000\040\004\032\004\073\004\060\004\101\004\101\000\040\000r\000t\000m\000:\000:\000V\000e\000h\000i\000c\000l\000e\000O\000b\000j\000e\000c\000t}{chapter.7}% 217
\BOOKMARK [2][-]{subsection.7.17.1}{\376\377\0007\000.\0001\0007\000.\0001\000\040\004\037\004\076\004\064\004\100\004\076\004\061\004\075\004\076\004\065\000\040\004\076\004\077\004\070\004\101\004\060\004\075\004\070\004\065}{section.7.17}% 218
\BOOKMARK [2][-]{subsection.7.17.2}{\376\377\0007\000.\0001\0007\000.\0002\000\040\004\032\004\076\004\075\004\101\004\102\004\100\004\103\004\072\004\102\004\076\004\100\000\050\004\113\000\051}{section.7.17}% 219
\BOOKMARK [3][-]{subsubsection.7.17.2.1}{\376\377\0007\000.\0001\0007\000.\0002\000.\0001\000\040\000V\000e\000h\000i\000c\000l\000e\000O\000b\000j\000e\000c\000t\000\050\000\051\000\040\000[\0001\000/\0002\000]}{subsection.7.17.2}% 220
\BOOKMARK [3][-]{subsubsection.7.17.2.2}{\376\377\0007\000.\0001\0007\000.\0002\000.\0002\000\040\000V\000e\000h\000i\000c\000l\000e\000O\000b\000j\000e\000c\000t\000\050\000\051\000\040\000[\0002\000/\0002\000]}{subsection.7.17.2}% 221
\BOOKMARK [2][-]{subsection.7.17.3}{\376\377\0007\000.\0001\0007\000.\0003\000\040\004\034\004\065\004\102\004\076\004\064\004\113}{section.7.17}% 222
\BOOKMARK [3][-]{subsubsection.7.17.3.1}{\376\377\0007\000.\0001\0007\000.\0003\000.\0001\000\040\000U\000p\000d\000a\000t\000e\000\050\000\051}{subsection.7.17.3}% 223
\BOOKMARK [3][-]{subsubsection.7.17.3.2}{\376\377\0007\000.\0001\0007\000.\0003\000.\0002\000\040\000M\000o\000v\000e\000F\000o\000r\000w\000a\000r\000d\000\137\000\050\000\051}{subsection.7.17.3}% 224
\BOOKMARK [3][-]{subsubsection.7.17.3.3}{\376\377\0007\000.\0001\0007\000.\0003\000.\0003\000\040\000S\000t\000o\000p\000\137\000\050\000\051}{subsection.7.17.3}% 225
\BOOKMARK [3][-]{subsubsection.7.17.3.4}{\376\377\0007\000.\0001\0007\000.\0003\000.\0004\000\040\000R\000o\000t\000a\000t\000e\000\137\000\050\000\051}{subsection.7.17.3}% 226
\BOOKMARK [3][-]{subsubsection.7.17.3.5}{\376\377\0007\000.\0001\0007\000.\0003\000.\0005\000\040\000C\000h\000a\000n\000g\000e\000L\000i\000n\000e\000\137\000\050\000\051}{subsection.7.17.3}% 227
\BOOKMARK [3][-]{subsubsection.7.17.3.6}{\376\377\0007\000.\0001\0007\000.\0003\000.\0006\000\040\000I\000s\000M\000o\000v\000e\000m\000e\000n\000t\000\137\000\050\000\051}{subsection.7.17.3}% 228
\BOOKMARK [3][-]{subsubsection.7.17.3.7}{\376\377\0007\000.\0001\0007\000.\0003\000.\0007\000\040\000I\000s\000R\000o\000t\000a\000t\000i\000o\000n\000\137\000\050\000\051}{subsection.7.17.3}% 229
\BOOKMARK [3][-]{subsubsection.7.17.3.8}{\376\377\0007\000.\0001\0007\000.\0003\000.\0008\000\040\000I\000s\000L\000i\000n\000e\000C\000h\000a\000n\000g\000i\000n\000g\000\137\000\050\000\051}{subsection.7.17.3}% 230
\BOOKMARK [3][-]{subsubsection.7.17.3.9}{\376\377\0007\000.\0001\0007\000.\0003\000.\0009\000\040\000I\000s\000B\000r\000a\000k\000i\000n\000g\000\137\000\050\000\051}{subsection.7.17.3}% 231
\BOOKMARK [3][-]{subsubsection.7.17.3.10}{\376\377\0007\000.\0001\0007\000.\0003\000.\0001\0000\000\040\000G\000e\000t\000M\000a\000x\000S\000p\000e\000e\000d\000\137\000\050\000\051}{subsection.7.17.3}% 232
\BOOKMARK [3][-]{subsubsection.7.17.3.11}{\376\377\0007\000.\0001\0007\000.\0003\000.\0001\0001\000\040\000G\000e\000t\000F\000i\000n\000a\000l\000S\000p\000e\000e\000d\000\137\000\050\000\051}{subsection.7.17.3}% 233
\BOOKMARK [3][-]{subsubsection.7.17.3.12}{\376\377\0007\000.\0001\0007\000.\0003\000.\0001\0002\000\040\000S\000e\000t\000F\000i\000n\000a\000l\000S\000p\000e\000e\000d\000\137\000\050\000\051}{subsection.7.17.3}% 234
\BOOKMARK [3][-]{subsubsection.7.17.3.13}{\376\377\0007\000.\0001\0007\000.\0003\000.\0001\0003\000\040\000S\000e\000t\000B\000r\000a\000k\000i\000n\000g\000F\000a\000c\000t\000o\000r\000\137\000\050\000\051}{subsection.7.17.3}% 235
\BOOKMARK [3][-]{subsubsection.7.17.3.14}{\376\377\0007\000.\0001\0007\000.\0003\000.\0001\0004\000\040\000S\000t\000o\000p\000A\000t\000D\000i\000s\000t\000a\000n\000c\000e\000\137\000\050\000\051}{subsection.7.17.3}% 236
\BOOKMARK [3][-]{subsubsection.7.17.3.15}{\376\377\0007\000.\0001\0007\000.\0003\000.\0001\0005\000\040\000C\000h\000e\000c\000k\000F\000o\000r\000w\000a\000r\000d\000C\000o\000a\000t\000i\000n\000g\000\137\000\050\000\051}{subsection.7.17.3}% 237
\BOOKMARK [3][-]{subsubsection.7.17.3.16}{\376\377\0007\000.\0001\0007\000.\0003\000.\0001\0006\000\040\000C\000h\000e\000c\000k\000F\000o\000r\000w\000a\000r\000d\000C\000o\000a\000t\000i\000n\000g\000U\000n\000i\000o\000n\000\137\000\050\000\051}{subsection.7.17.3}% 238
\BOOKMARK [3][-]{subsubsection.7.17.3.17}{\376\377\0007\000.\0001\0007\000.\0003\000.\0001\0007\000\040\000C\000h\000e\000c\000k\000F\000o\000r\000w\000a\000r\000d\000A\000r\000e\000a\000\137\000\050\000\051}{subsection.7.17.3}% 239
\BOOKMARK [3][-]{subsubsection.7.17.3.18}{\376\377\0007\000.\0001\0007\000.\0003\000.\0001\0008\000\040\000C\000h\000e\000c\000k\000M\000o\000v\000i\000n\000g\000A\000r\000e\000a\000\137\000\050\000\051}{subsection.7.17.3}% 240
\BOOKMARK [3][-]{subsubsection.7.17.3.19}{\376\377\0007\000.\0001\0007\000.\0003\000.\0001\0009\000\040\000C\000h\000e\000c\000k\000T\000u\000r\000n\000A\000r\000e\000a\000\137\000\050\000\051}{subsection.7.17.3}% 241
\BOOKMARK [3][-]{subsubsection.7.17.3.20}{\376\377\0007\000.\0001\0007\000.\0003\000.\0002\0000\000\040\000C\000h\000e\000c\000k\000R\000o\000t\000a\000t\000i\000o\000n\000A\000r\000e\000a\000\137\000\050\000\051}{subsection.7.17.3}% 242
\BOOKMARK [3][-]{subsubsection.7.17.3.21}{\376\377\0007\000.\0001\0007\000.\0003\000.\0002\0001\000\040\000C\000h\000e\000c\000k\000C\000r\000o\000s\000s\000r\000o\000a\000d\000A\000r\000e\000a\000\137\000\050\000\051}{subsection.7.17.3}% 243
\BOOKMARK [3][-]{subsubsection.7.17.3.22}{\376\377\0007\000.\0001\0007\000.\0003\000.\0002\0002\000\040\000C\000h\000e\000c\000k\000L\000i\000n\000e\000C\000h\000a\000n\000g\000i\000n\000g\000A\000r\000e\000a\000\137\000\050\000\051}{subsection.7.17.3}% 244
\BOOKMARK [3][-]{subsubsection.7.17.3.23}{\376\377\0007\000.\0001\0007\000.\0003\000.\0002\0003\000\040\000B\000e\000f\000o\000r\000e\000M\000o\000v\000i\000n\000g\000\137\000\050\000\051}{subsection.7.17.3}% 245
\BOOKMARK [3][-]{subsubsection.7.17.3.24}{\376\377\0007\000.\0001\0007\000.\0003\000.\0002\0004\000\040\000A\000f\000t\000e\000r\000M\000o\000v\000i\000n\000g\000\137\000\050\000\051}{subsection.7.17.3}% 246
\BOOKMARK [3][-]{subsubsection.7.17.3.25}{\376\377\0007\000.\0001\0007\000.\0003\000.\0002\0005\000\040\000M\000o\000v\000e\000m\000e\000n\000t\000S\000t\000a\000r\000t\000\137\000\050\000\051}{subsection.7.17.3}% 247
\BOOKMARK [3][-]{subsubsection.7.17.3.26}{\376\377\0007\000.\0001\0007\000.\0003\000.\0002\0006\000\040\000M\000o\000v\000e\000m\000e\000n\000t\000T\000i\000c\000k\000\137\000\050\000\051}{subsection.7.17.3}% 248
\BOOKMARK [3][-]{subsubsection.7.17.3.27}{\376\377\0007\000.\0001\0007\000.\0003\000.\0002\0007\000\040\000M\000o\000v\000e\000m\000e\000n\000t\000E\000n\000d\000\137\000\050\000\051}{subsection.7.17.3}% 249
\BOOKMARK [3][-]{subsubsection.7.17.3.28}{\376\377\0007\000.\0001\0007\000.\0003\000.\0002\0008\000\040\000R\000o\000t\000a\000t\000i\000o\000n\000S\000t\000a\000r\000t\000\137\000\050\000\051}{subsection.7.17.3}% 250
\BOOKMARK [3][-]{subsubsection.7.17.3.29}{\376\377\0007\000.\0001\0007\000.\0003\000.\0002\0009\000\040\000R\000o\000t\000a\000t\000i\000o\000n\000T\000i\000c\000k\000\137\000\050\000\051}{subsection.7.17.3}% 251
\BOOKMARK [3][-]{subsubsection.7.17.3.30}{\376\377\0007\000.\0001\0007\000.\0003\000.\0003\0000\000\040\000R\000o\000t\000a\000t\000i\000o\000n\000E\000n\000d\000\137\000\050\000\051}{subsection.7.17.3}% 252
\BOOKMARK [3][-]{subsubsection.7.17.3.31}{\376\377\0007\000.\0001\0007\000.\0003\000.\0003\0001\000\040\000L\000i\000n\000e\000C\000h\000a\000n\000g\000i\000n\000g\000S\000t\000a\000r\000t\000\050\000\051}{subsection.7.17.3}% 253
\BOOKMARK [3][-]{subsubsection.7.17.3.32}{\376\377\0007\000.\0001\0007\000.\0003\000.\0003\0002\000\040\000L\000i\000n\000e\000C\000h\000a\000n\000g\000i\000n\000g\000T\000i\000c\000k\000\137\000\050\000\051}{subsection.7.17.3}% 254
\BOOKMARK [3][-]{subsubsection.7.17.3.33}{\376\377\0007\000.\0001\0007\000.\0003\000.\0003\0003\000\040\000L\000i\000n\000e\000C\000h\000a\000n\000g\000i\000n\000g\000E\000n\000d\000\137\000\050\000\051}{subsection.7.17.3}% 255
\BOOKMARK [3][-]{subsubsection.7.17.3.34}{\376\377\0007\000.\0001\0007\000.\0003\000.\0003\0004\000\040\000L\000i\000n\000e\000C\000h\000a\000n\000g\000i\000n\000g\000\137\000\050\000\051}{subsection.7.17.3}% 256
\BOOKMARK [3][-]{subsubsection.7.17.3.35}{\376\377\0007\000.\0001\0007\000.\0003\000.\0003\0005\000\040\000R\000o\000t\000a\000t\000i\000o\000n\000\137\000\050\000\051}{subsection.7.17.3}% 257
\BOOKMARK [3][-]{subsubsection.7.17.3.36}{\376\377\0007\000.\0001\0007\000.\0003\000.\0003\0006\000\040\000M\000o\000v\000e\000m\000e\000n\000t\000\137\000\050\000\051}{subsection.7.17.3}% 258
\BOOKMARK [3][-]{subsubsection.7.17.3.37}{\376\377\0007\000.\0001\0007\000.\0003\000.\0003\0007\000\040\000S\000p\000e\000e\000d\000C\000h\000a\000n\000g\000i\000n\000g\000\137\000\050\000\051}{subsection.7.17.3}% 259
\BOOKMARK [3][-]{subsubsection.7.17.3.38}{\376\377\0007\000.\0001\0007\000.\0003\000.\0003\0008\000\040\000S\000m\000o\000o\000t\000h\000B\000r\000a\000k\000i\000n\000g\000C\000o\000u\000n\000t\000e\000r\000\050\000\051}{subsection.7.17.3}% 260
\BOOKMARK [1][-]{section.7.18}{\376\377\0007\000.\0001\0008\000\040\004\032\004\073\004\060\004\101\004\101\000\040\000r\000t\000m\000:\000:\000W\000o\000r\000l\000d\000C\000o\000n\000t\000r\000o\000l\000l\000e\000r}{chapter.7}% 261
\BOOKMARK [2][-]{subsection.7.18.1}{\376\377\0007\000.\0001\0008\000.\0001\000\040\004\037\004\076\004\064\004\100\004\076\004\061\004\075\004\076\004\065\000\040\004\076\004\077\004\070\004\101\004\060\004\075\004\070\004\065}{section.7.18}% 262
\BOOKMARK [2][-]{subsection.7.18.2}{\376\377\0007\000.\0001\0008\000.\0002\000\040\004\032\004\076\004\075\004\101\004\102\004\100\004\103\004\072\004\102\004\076\004\100\000\050\004\113\000\051}{section.7.18}% 263
\BOOKMARK [3][-]{subsubsection.7.18.2.1}{\376\377\0007\000.\0001\0008\000.\0002\000.\0001\000\040\000W\000o\000r\000l\000d\000C\000o\000n\000t\000r\000o\000l\000l\000e\000r\000\050\000\051\000\040\000[\0001\000/\0003\000]}{subsection.7.18.2}% 264
\BOOKMARK [3][-]{subsubsection.7.18.2.2}{\376\377\0007\000.\0001\0008\000.\0002\000.\0002\000\040\000W\000o\000r\000l\000d\000C\000o\000n\000t\000r\000o\000l\000l\000e\000r\000\050\000\051\000\040\000[\0002\000/\0003\000]}{subsection.7.18.2}% 265
\BOOKMARK [3][-]{subsubsection.7.18.2.3}{\376\377\0007\000.\0001\0008\000.\0002\000.\0003\000\040\000W\000o\000r\000l\000d\000C\000o\000n\000t\000r\000o\000l\000l\000e\000r\000\050\000\051\000\040\000[\0003\000/\0003\000]}{subsection.7.18.2}% 266
\BOOKMARK [2][-]{subsection.7.18.3}{\376\377\0007\000.\0001\0008\000.\0003\000\040\004\034\004\065\004\102\004\076\004\064\004\113}{section.7.18}% 267
\BOOKMARK [3][-]{subsubsection.7.18.3.1}{\376\377\0007\000.\0001\0008\000.\0003\000.\0001\000\040\000U\000p\000d\000a\000t\000e\000\050\000\051}{subsection.7.18.3}% 268
\BOOKMARK [3][-]{subsubsection.7.18.3.2}{\376\377\0007\000.\0001\0008\000.\0003\000.\0002\000\040\000G\000e\000t\000L\000a\000y\000e\000r\000\050\000\051}{subsection.7.18.3}% 269
\BOOKMARK [3][-]{subsubsection.7.18.3.3}{\376\377\0007\000.\0001\0008\000.\0003\000.\0003\000\040\000G\000e\000t\000C\000o\000l\000u\000m\000n\000s\000C\000o\000u\000n\000t\000\050\000\051}{subsection.7.18.3}% 270
\BOOKMARK [3][-]{subsubsection.7.18.3.4}{\376\377\0007\000.\0001\0008\000.\0003\000.\0004\000\040\000G\000e\000t\000R\000o\000w\000s\000C\000o\000u\000n\000t\000\050\000\051}{subsection.7.18.3}% 271
\BOOKMARK [3][-]{subsubsection.7.18.3.5}{\376\377\0007\000.\0001\0008\000.\0003\000.\0005\000\040\000G\000e\000t\000D\000e\000l\000t\000a\000T\000i\000m\000e\000\050\000\051}{subsection.7.18.3}% 272
\BOOKMARK [3][-]{subsubsection.7.18.3.6}{\376\377\0007\000.\0001\0008\000.\0003\000.\0006\000\040\000G\000e\000t\000T\000i\000m\000e\000F\000a\000c\000t\000o\000r\000\050\000\051}{subsection.7.18.3}% 273
\BOOKMARK [3][-]{subsubsection.7.18.3.7}{\376\377\0007\000.\0001\0008\000.\0003\000.\0007\000\040\000G\000e\000t\000C\000o\000a\000t\000i\000n\000g\000O\000b\000j\000e\000c\000t\000\050\000\051}{subsection.7.18.3}% 274
\BOOKMARK [3][-]{subsubsection.7.18.3.8}{\376\377\0007\000.\0001\0008\000.\0003\000.\0008\000\040\000G\000e\000t\000C\000o\000a\000t\000i\000n\000g\000U\000n\000i\000o\000n\000\050\000\051}{subsection.7.18.3}% 275
\BOOKMARK [3][-]{subsubsection.7.18.3.9}{\376\377\0007\000.\0001\0008\000.\0003\000.\0009\000\040\000G\000e\000t\000S\000t\000a\000t\000i\000c\000O\000b\000j\000e\000c\000t\000\050\000\051}{subsection.7.18.3}% 276
\BOOKMARK [3][-]{subsubsection.7.18.3.10}{\376\377\0007\000.\0001\0008\000.\0003\000.\0001\0000\000\040\000G\000e\000t\000D\000y\000n\000a\000m\000i\000c\000O\000b\000j\000e\000c\000t\000s\000\050\000\051}{subsection.7.18.3}% 277
\BOOKMARK [3][-]{subsubsection.7.18.3.11}{\376\377\0007\000.\0001\0008\000.\0003\000.\0001\0001\000\040\000I\000s\000P\000a\000u\000s\000e\000\050\000\051}{subsection.7.18.3}% 278
\BOOKMARK [3][-]{subsubsection.7.18.3.12}{\376\377\0007\000.\0001\0008\000.\0003\000.\0001\0002\000\040\000I\000s\000C\000o\000r\000r\000e\000c\000t\000C\000o\000l\000u\000m\000n\000\050\000\051}{subsection.7.18.3}% 279
\BOOKMARK [3][-]{subsubsection.7.18.3.13}{\376\377\0007\000.\0001\0008\000.\0003\000.\0001\0003\000\040\000I\000s\000C\000o\000r\000r\000e\000c\000t\000R\000o\000w\000\050\000\051}{subsection.7.18.3}% 280
\BOOKMARK [3][-]{subsubsection.7.18.3.14}{\376\377\0007\000.\0001\0008\000.\0003\000.\0001\0004\000\040\000I\000s\000A\000l\000l\000o\000w\000a\000b\000l\000e\000C\000o\000l\000u\000m\000n\000\050\000\051}{subsection.7.18.3}% 281
\BOOKMARK [3][-]{subsubsection.7.18.3.15}{\376\377\0007\000.\0001\0008\000.\0003\000.\0001\0005\000\040\000I\000s\000A\000l\000l\000o\000w\000a\000b\000l\000e\000R\000o\000w\000\050\000\051}{subsection.7.18.3}% 282
\BOOKMARK [3][-]{subsubsection.7.18.3.16}{\376\377\0007\000.\0001\0008\000.\0003\000.\0001\0006\000\040\000I\000s\000V\000i\000s\000i\000b\000l\000e\000C\000o\000l\000u\000m\000n\000\050\000\051}{subsection.7.18.3}% 283
\BOOKMARK [3][-]{subsubsection.7.18.3.17}{\376\377\0007\000.\0001\0008\000.\0003\000.\0001\0007\000\040\000I\000s\000V\000i\000s\000i\000b\000l\000e\000R\000o\000w\000\050\000\051}{subsection.7.18.3}% 284
\BOOKMARK [3][-]{subsubsection.7.18.3.18}{\376\377\0007\000.\0001\0008\000.\0003\000.\0001\0008\000\040\000S\000e\000t\000T\000i\000m\000e\000F\000a\000c\000t\000o\000r\000\050\000\051}{subsection.7.18.3}% 285
\BOOKMARK [3][-]{subsubsection.7.18.3.19}{\376\377\0007\000.\0001\0008\000.\0003\000.\0001\0009\000\040\000L\000o\000a\000d\000M\000a\000p\000\050\000\051\000\040\000[\0001\000/\0002\000]}{subsection.7.18.3}% 286
\BOOKMARK [3][-]{subsubsection.7.18.3.20}{\376\377\0007\000.\0001\0008\000.\0003\000.\0002\0000\000\040\000L\000o\000a\000d\000M\000a\000p\000\050\000\051\000\040\000[\0002\000/\0002\000]}{subsection.7.18.3}% 287
\BOOKMARK [3][-]{subsubsection.7.18.3.21}{\376\377\0007\000.\0001\0008\000.\0003\000.\0002\0001\000\040\000I\000s\000E\000m\000p\000t\000y\000\137\000\050\000\051}{subsection.7.18.3}% 288
\BOOKMARK [3][-]{subsubsection.7.18.3.22}{\376\377\0007\000.\0001\0008\000.\0003\000.\0002\0002\000\040\000G\000e\000n\000e\000r\000a\000t\000e\000O\000b\000j\000e\000c\000t\000\137\000\050\000\051}{subsection.7.18.3}% 289
\BOOKMARK [3][-]{subsubsection.7.18.3.23}{\376\377\0007\000.\0001\0008\000.\0003\000.\0002\0003\000\040\000A\000d\000d\000C\000o\000a\000t\000i\000n\000g\000U\000n\000i\000o\000n\000\137\000\050\000\051}{subsection.7.18.3}% 290
\BOOKMARK [3][-]{subsubsection.7.18.3.24}{\376\377\0007\000.\0001\0008\000.\0003\000.\0002\0004\000\040\000A\000d\000d\000D\000r\000i\000v\000e\000w\000a\000y\000\137\000\050\000\051}{subsection.7.18.3}% 291
\BOOKMARK [3][-]{subsubsection.7.18.3.25}{\376\377\0007\000.\0001\0008\000.\0003\000.\0002\0005\000\040\000A\000d\000d\000C\000r\000o\000s\000s\000r\000o\000a\000d\000\137\000\050\000\051}{subsection.7.18.3}% 292
\BOOKMARK [3][-]{subsubsection.7.18.3.26}{\376\377\0007\000.\0001\0008\000.\0003\000.\0002\0006\000\040\000A\000d\000d\000T\000C\000r\000o\000s\000s\000r\000o\000a\000d\000\137\000\050\000\051}{subsection.7.18.3}% 293
\BOOKMARK [3][-]{subsubsection.7.18.3.27}{\376\377\0007\000.\0001\0008\000.\0003\000.\0002\0007\000\040\000A\000d\000d\000L\000e\000f\000t\000T\000u\000r\000t\000\137\000\050\000\051}{subsection.7.18.3}% 294
\BOOKMARK [3][-]{subsubsection.7.18.3.28}{\376\377\0007\000.\0001\0008\000.\0003\000.\0002\0008\000\040\000A\000d\000d\000R\000i\000g\000h\000t\000T\000u\000r\000t\000\137\000\050\000\051}{subsection.7.18.3}% 295
\BOOKMARK [3][-]{subsubsection.7.18.3.29}{\376\377\0007\000.\0001\0008\000.\0003\000.\0002\0009\000\040\000A\000d\000d\000C\000o\000n\000t\000r\000o\000l\000U\000n\000i\000t\000\137\000\050\000\051}{subsection.7.18.3}% 296
\BOOKMARK [3][-]{subsubsection.7.18.3.30}{\376\377\0007\000.\0001\0008\000.\0003\000.\0003\0000\000\040\000A\000d\000d\000S\000t\000a\000t\000i\000c\000O\000b\000j\000e\000c\000t\000\137\000\050\000\051}{subsection.7.18.3}% 297
\BOOKMARK [3][-]{subsubsection.7.18.3.31}{\376\377\0007\000.\0001\0008\000.\0003\000.\0003\0001\000\040\000A\000d\000d\000B\000u\000i\000l\000d\000i\000n\000g\000\137\000\050\000\051}{subsection.7.18.3}% 298
\BOOKMARK [3][-]{subsubsection.7.18.3.32}{\376\377\0007\000.\0001\0008\000.\0003\000.\0003\0002\000\040\000A\000d\000d\000B\000u\000s\000h\000\137\000\050\000\051}{subsection.7.18.3}% 299
\BOOKMARK [3][-]{subsubsection.7.18.3.33}{\376\377\0007\000.\0001\0008\000.\0003\000.\0003\0003\000\040\000A\000d\000d\000D\000y\000n\000a\000m\000i\000c\000O\000b\000j\000e\000c\000t\000\137\000\050\000\051}{subsection.7.18.3}% 300
\BOOKMARK [3][-]{subsubsection.7.18.3.34}{\376\377\0007\000.\0001\0008\000.\0003\000.\0003\0004\000\040\000A\000d\000d\000C\000a\000r\000\137\000\050\000\051}{subsection.7.18.3}% 301
\BOOKMARK [3][-]{subsubsection.7.18.3.35}{\376\377\0007\000.\0001\0008\000.\0003\000.\0003\0005\000\040\000G\000e\000t\000V\000e\000c\000t\000o\000r\000C\000o\000l\000u\000m\000n\000\137\000\050\000\051}{subsection.7.18.3}% 302
\BOOKMARK [3][-]{subsubsection.7.18.3.36}{\376\377\0007\000.\0001\0008\000.\0003\000.\0003\0006\000\040\000G\000e\000t\000V\000e\000c\000t\000o\000r\000R\000o\000w\000\137\000\050\000\051}{subsection.7.18.3}% 303
\BOOKMARK [3][-]{subsubsection.7.18.3.37}{\376\377\0007\000.\0001\0008\000.\0003\000.\0003\0007\000\040\000G\000e\000t\000R\000e\000a\000l\000C\000o\000l\000u\000m\000n\000\137\000\050\000\051}{subsection.7.18.3}% 304
\BOOKMARK [3][-]{subsubsection.7.18.3.38}{\376\377\0007\000.\0001\0008\000.\0003\000.\0003\0008\000\040\000G\000e\000t\000R\000e\000a\000l\000R\000o\000w\000\137\000\050\000\051}{subsection.7.18.3}% 305
\BOOKMARK [1][-]{section.7.19}{\376\377\0007\000.\0001\0009\000\040\004\032\004\073\004\060\004\101\004\101\000\040\000r\000t\000m\000:\000:\000W\000o\000r\000l\000d\000O\000b\000j\000e\000c\000t}{chapter.7}% 306
\BOOKMARK [2][-]{subsection.7.19.1}{\376\377\0007\000.\0001\0009\000.\0001\000\040\004\037\004\076\004\064\004\100\004\076\004\061\004\075\004\076\004\065\000\040\004\076\004\077\004\070\004\101\004\060\004\075\004\070\004\065}{section.7.19}% 307
\BOOKMARK [2][-]{subsection.7.19.2}{\376\377\0007\000.\0001\0009\000.\0002\000\040\004\032\004\076\004\075\004\101\004\102\004\100\004\103\004\072\004\102\004\076\004\100\000\050\004\113\000\051}{section.7.19}% 308
\BOOKMARK [3][-]{subsubsection.7.19.2.1}{\376\377\0007\000.\0001\0009\000.\0002\000.\0001\000\040\000W\000o\000r\000l\000d\000O\000b\000j\000e\000c\000t\000\050\000\051\000\040\000[\0001\000/\0002\000]}{subsection.7.19.2}% 309
\BOOKMARK [3][-]{subsubsection.7.19.2.2}{\376\377\0007\000.\0001\0009\000.\0002\000.\0002\000\040\000W\000o\000r\000l\000d\000O\000b\000j\000e\000c\000t\000\050\000\051\000\040\000[\0002\000/\0002\000]}{subsection.7.19.2}% 310
\BOOKMARK [2][-]{subsection.7.19.3}{\376\377\0007\000.\0001\0009\000.\0003\000\040\004\034\004\065\004\102\004\076\004\064\004\113}{section.7.19}% 311
\BOOKMARK [3][-]{subsubsection.7.19.3.1}{\376\377\0007\000.\0001\0009\000.\0003\000.\0001\000\040\000G\000e\000t\000S\000p\000r\000i\000t\000e\000\050\000\051}{subsection.7.19.3}% 312
\BOOKMARK [3][-]{subsubsection.7.19.3.2}{\376\377\0007\000.\0001\0009\000.\0003\000.\0002\000\040\000G\000e\000t\000X\000\137\000\050\000\051}{subsection.7.19.3}% 313
\BOOKMARK [3][-]{subsubsection.7.19.3.3}{\376\377\0007\000.\0001\0009\000.\0003\000.\0003\000\040\000G\000e\000t\000Y\000\137\000\050\000\051}{subsection.7.19.3}% 314
\BOOKMARK [3][-]{subsubsection.7.19.3.4}{\376\377\0007\000.\0001\0009\000.\0003\000.\0004\000\040\000G\000e\000t\000A\000n\000g\000l\000e\000\050\000\051}{subsection.7.19.3}% 315
\BOOKMARK [3][-]{subsubsection.7.19.3.5}{\376\377\0007\000.\0001\0009\000.\0003\000.\0005\000\040\000G\000e\000t\000W\000i\000d\000t\000h\000\050\000\051}{subsection.7.19.3}% 316
\BOOKMARK [3][-]{subsubsection.7.19.3.6}{\376\377\0007\000.\0001\0009\000.\0003\000.\0006\000\040\000G\000e\000t\000H\000e\000i\000g\000h\000t\000\050\000\051}{subsection.7.19.3}% 317
\BOOKMARK [3][-]{subsubsection.7.19.3.7}{\376\377\0007\000.\0001\0009\000.\0003\000.\0007\000\040\000S\000e\000t\000S\000p\000r\000i\000t\000e\000\137\000\050\000\051}{subsection.7.19.3}% 318
\BOOKMARK [3][-]{subsubsection.7.19.3.8}{\376\377\0007\000.\0001\0009\000.\0003\000.\0008\000\040\000S\000e\000t\000X\000\137\000\050\000\051}{subsection.7.19.3}% 319
\BOOKMARK [3][-]{subsubsection.7.19.3.9}{\376\377\0007\000.\0001\0009\000.\0003\000.\0009\000\040\000S\000e\000t\000Y\000\137\000\050\000\051}{subsection.7.19.3}% 320
\BOOKMARK [3][-]{subsubsection.7.19.3.10}{\376\377\0007\000.\0001\0009\000.\0003\000.\0001\0000\000\040\000S\000e\000t\000A\000n\000g\000l\000e\000\137\000\050\000\051}{subsection.7.19.3}% 321
\BOOKMARK [3][-]{subsubsection.7.19.3.11}{\376\377\0007\000.\0001\0009\000.\0003\000.\0001\0001\000\040\000S\000e\000t\000W\000i\000d\000t\000h\000\137\000\050\000\051}{subsection.7.19.3}% 322
\BOOKMARK [3][-]{subsubsection.7.19.3.12}{\376\377\0007\000.\0001\0009\000.\0003\000.\0001\0002\000\040\000S\000e\000t\000H\000e\000i\000g\000h\000t\000\137\000\050\000\051}{subsection.7.19.3}% 323
\BOOKMARK [3][-]{subsubsection.7.19.3.13}{\376\377\0007\000.\0001\0009\000.\0003\000.\0001\0003\000\040\000S\000e\000t\000S\000p\000r\000i\000t\000e\000X\000\137\000\050\000\051}{subsection.7.19.3}% 324
\BOOKMARK [3][-]{subsubsection.7.19.3.14}{\376\377\0007\000.\0001\0009\000.\0003\000.\0001\0004\000\040\000S\000e\000t\000S\000p\000r\000i\000t\000e\000Y\000\137\000\050\000\051}{subsection.7.19.3}% 325
\BOOKMARK [3][-]{subsubsection.7.19.3.15}{\376\377\0007\000.\0001\0009\000.\0003\000.\0001\0005\000\040\000S\000e\000t\000S\000p\000r\000i\000t\000e\000A\000n\000g\000l\000e\000\137\000\050\000\051}{subsection.7.19.3}% 326
\BOOKMARK [3][-]{subsubsection.7.19.3.16}{\376\377\0007\000.\0001\0009\000.\0003\000.\0001\0006\000\040\000S\000e\000t\000S\000p\000r\000i\000t\000e\000W\000i\000d\000t\000h\000\137\000\050\000\051}{subsection.7.19.3}% 327
\BOOKMARK [3][-]{subsubsection.7.19.3.17}{\376\377\0007\000.\0001\0009\000.\0003\000.\0001\0007\000\040\000S\000e\000t\000S\000p\000r\000i\000t\000e\000H\000e\000i\000g\000h\000t\000\137\000\050\000\051}{subsection.7.19.3}% 328
\BOOKMARK [1][-]{section.7.20}{\376\377\0007\000.\0002\0000\000\040\004\032\004\073\004\060\004\101\004\101\000\040\000r\000t\000m\000:\000:\000W\000o\000r\000l\000d\000S\000c\000e\000n\000e}{chapter.7}% 329
\BOOKMARK [2][-]{subsection.7.20.1}{\376\377\0007\000.\0002\0000\000.\0001\000\040\004\037\004\076\004\064\004\100\004\076\004\061\004\075\004\076\004\065\000\040\004\076\004\077\004\070\004\101\004\060\004\075\004\070\004\065}{section.7.20}% 330
\BOOKMARK [2][-]{subsection.7.20.2}{\376\377\0007\000.\0002\0000\000.\0002\000\040\004\034\004\065\004\102\004\076\004\064\004\113}{section.7.20}% 331
\BOOKMARK [3][-]{subsubsection.7.20.2.1}{\376\377\0007\000.\0002\0000\000.\0002\000.\0001\000\040\000C\000r\000e\000a\000t\000e\000\050\000\051}{subsection.7.20.2}% 332
\BOOKMARK [3][-]{subsubsection.7.20.2.2}{\376\377\0007\000.\0002\0000\000.\0002\000.\0002\000\040\000i\000n\000i\000t\000\050\000\051}{subsection.7.20.2}% 333
\BOOKMARK [3][-]{subsubsection.7.20.2.3}{\376\377\0007\000.\0002\0000\000.\0002\000.\0003\000\040\000u\000p\000d\000a\000t\000e\000\050\000\051}{subsection.7.20.2}% 334
\BOOKMARK [3][-]{subsubsection.7.20.2.4}{\376\377\0007\000.\0002\0000\000.\0002\000.\0004\000\040\000G\000e\000t\000M\000a\000i\000n\000L\000a\000y\000e\000r\000\050\000\051}{subsection.7.20.2}% 335
\BOOKMARK [3][-]{subsubsection.7.20.2.5}{\376\377\0007\000.\0002\0000\000.\0002\000.\0005\000\040\000S\000e\000t\000B\000a\000c\000k\000g\000r\000o\000u\000n\000d\000\050\000\051\000\040\000[\0001\000/\0002\000]}{subsection.7.20.2}% 336
\BOOKMARK [3][-]{subsubsection.7.20.2.6}{\376\377\0007\000.\0002\0000\000.\0002\000.\0006\000\040\000S\000e\000t\000B\000a\000c\000k\000g\000r\000o\000u\000n\000d\000\050\000\051\000\040\000[\0002\000/\0002\000]}{subsection.7.20.2}% 337
\BOOKMARK [3][-]{subsubsection.7.20.2.7}{\376\377\0007\000.\0002\0000\000.\0002\000.\0007\000\040\000G\000e\000t\000M\000a\000p\000\137\000\050\000\051}{subsection.7.20.2}% 338
\BOOKMARK [0][-]{section*.89}{\376\377\004\020\004\073\004\104\004\060\004\062\004\070\004\102\004\075\004\113\004\071\000\040\004\103\004\072\004\060\004\067\004\060\004\102\004\065\004\073\004\114}{}% 339
